<?xml version="1.0" encoding="UTF-8"?>
<testng-results ignored="0" total="2" passed="2" failed="0" skipped="0">
  <reporter-output>
  </reporter-output>
  <suite started-at="2021-04-13T00:35:12Z" name="Default suite" finished-at="2021-04-13T00:35:25Z" duration-ms="13373">
    <groups>
    </groups>
    <test started-at="2021-04-13T00:35:12Z" name="Default test" finished-at="2021-04-13T00:35:25Z" duration-ms="13373">
      <class name="testNG.ParallelExecution">
        <test-method signature="chromeBrowser()[pri:0, instance:testNG.ParallelExecution@2f62ea70]" started-at="2021-04-13T00:35:12Z" name="chromeBrowser" finished-at="2021-04-13T00:35:18Z" duration-ms="5851" status="PASS">
          <reporter-output>
          </reporter-output>
        </test-method> <!-- chromeBrowser -->
        <test-method signature="firefoxBrowser()[pri:0, instance:testNG.ParallelExecution@2f62ea70]" started-at="2021-04-13T00:35:18Z" name="firefoxBrowser" finished-at="2021-04-13T00:35:25Z" duration-ms="7506" status="PASS">
          <reporter-output>
          </reporter-output>
        </test-method> <!-- firefoxBrowser -->
      </class> <!-- testNG.ParallelExecution -->
    </test> <!-- Default test -->
  </suite> <!-- Default suite -->
</testng-results>
