<?xml version="1.0" encoding="UTF-8"?>
<!-- Generated by org.testng.reporters.JUnitXMLReporter -->
<testsuite ignored="3" hostname="DESKTOP-2HIC25B" failures="0" tests="2" name="Groups Concepts" time="0.036" errors="0" timestamp="11 Apr 2021 17:48:03 GMT">
  <testcase classname="testNG.TestNGgroups" name="test" time="0.011"/>
  <testcase classname="testNG.TestNGgroups" name="testTwo" time="0.001"/>
  <testcase classname="testNG.TestNGgroups" name="testFive" time="0.0">
    <ignored/>
  </testcase> <!-- testFive -->
  <testcase classname="testNG.TestNGgroups" name="testThree" time="0.0">
    <ignored/>
  </testcase> <!-- testThree -->
  <testcase classname="testNG.TestNGgroups" name="testFour" time="0.0">
    <ignored/>
  </testcase> <!-- testFour -->
</testsuite> <!-- Groups Concepts -->
